<html>
<head>
<title>TestNG:  Test</title>
<link href="../testng.css" rel="stylesheet" type="text/css" />
<link href="../my-testng.css" rel="stylesheet" type="text/css" />

<style type="text/css">
.log { display: none;} 
.stack-trace { display: none;} 
</style>
<script type="text/javascript">
<!--
function flip(e) {
  current = e.style.display;
  if (current == 'block') {
    e.style.display = 'none';
    return 0;
  }
  else {
    e.style.display = 'block';
    return 1;
  }
}

function toggleBox(szDivId, elem, msg1, msg2)
{
  var res = -1;  if (document.getElementById) {
    res = flip(document.getElementById(szDivId));
  }
  else if (document.all) {
    // this is the way old msie versions work
    res = flip(document.all[szDivId]);
  }
  if(elem) {
    if(res == 0) elem.innerHTML = msg1; else elem.innerHTML = msg2;
  }

}

function toggleAllBoxes() {
  if (document.getElementsByTagName) {
    d = document.getElementsByTagName('div');
    for (i = 0; i < d.length; i++) {
      if (d[i].className == 'log') {
        flip(d[i]);
      }
    }
  }
}

// -->
</script>

</head>
<body>
<h2 align='center'>Test</h2><table border='1' align="center">
<tr>
<td>Tests passed/Failed/Skipped:</td><td>18/2/0</td>
</tr><tr>
<td>Started on:</td><td>Sat Aug 23 17:04:32 IST 2025</td>
</tr>
<tr><td>Total time:</td><td>102 seconds (102545 ms)</td>
</tr><tr>
<td>Included groups:</td><td></td>
</tr><tr>
<td>Excluded groups:</td><td></td>
</tr>
</table><p/>
<small><i>(Hover the method name to see the test class name)</i></small><p/>
<table width='100%' border='1' class='invocation-failed'>
<tr><td colspan='4' align='center'><b>FAILED TESTS</b></td></tr>
<tr><td><b>Test method</b></td>
<td><b>Attribute(s)</b></td>
<td width="30%"><b>Exception</b></td>
<td width="10%"><b>Time (seconds)</b></td>
<td><b>Instance</b></td>
</tr>
<tr>
<td title='testCases.TC0003_LoginWithExcelDataTest.LoginTestData()'><b>LoginTestData</b><br>Test class: testCases.TC0003_LoginWithExcelDataTest<br>Parameters: ashitosh3@gmail.com, 12345, Valid</td>
<td><div><pre>java.lang.NullPointerException: Cannot invoke &quot;org.openqa.selenium.SearchContext.findElement(org.openqa.selenium.By)&quot; because &quot;this.searchContext&quot; is null
	at org.openqa.selenium.support.pagefactory.DefaultElementLocator.findElement(DefaultElementLocator.java:68)
	at org.openqa.selenium.support.pagefactory.internal.LocatingElementHandler.invoke(LocatingElementHandler.java:38)
	at jdk.proxy2/jdk.proxy2.$Proxy30.click(Unknown Source)
	at pageObject.Homepage.myAccount(Homepage.java:41)
	at testCases.TC0003_LoginWithExcelDataTest.LoginTestData(TC0003_LoginWithExcelDataTest.java:18)
	at java.base/java.util.ArrayList.forEach(ArrayList.java:1596)
... Removed 30 stack frames</pre></div><a href='#' onClick='toggleBox("stack-trace1002380301", this, "Click to show all stack frames", "Click to hide stack frames")'>Click to show all stack frames</a>
<div class='stack-trace' id='stack-trace1002380301'><pre>java.lang.NullPointerException: Cannot invoke &quot;org.openqa.selenium.SearchContext.findElement(org.openqa.selenium.By)&quot; because &quot;this.searchContext&quot; is null
	at org.openqa.selenium.support.pagefactory.DefaultElementLocator.findElement(DefaultElementLocator.java:68)
	at org.openqa.selenium.support.pagefactory.internal.LocatingElementHandler.invoke(LocatingElementHandler.java:38)
	at jdk.proxy2/jdk.proxy2.$Proxy30.click(Unknown Source)
	at pageObject.Homepage.myAccount(Homepage.java:41)
	at testCases.TC0003_LoginWithExcelDataTest.LoginTestData(TC0003_LoginWithExcelDataTest.java:18)
	at java.base/jdk.internal.reflect.DirectMethodHandleAccessor.invoke(DirectMethodHandleAccessor.java:103)
	at java.base/java.lang.reflect.Method.invoke(Method.java:580)
	at org.testng.internal.invokers.MethodInvocationHelper.invokeMethod(MethodInvocationHelper.java:141)
	at org.testng.internal.invokers.TestInvoker.invokeMethod(TestInvoker.java:687)
	at org.testng.internal.invokers.TestInvoker.invokeTestMethod(TestInvoker.java:230)
	at org.testng.internal.invokers.MethodRunner.runInSequence(MethodRunner.java:63)
	at org.testng.internal.invokers.TestInvoker$MethodInvocationAgent.invoke(TestInvoker.java:995)
	at org.testng.internal.invokers.TestInvoker.invokeTestMethods(TestInvoker.java:203)
	at org.testng.internal.invokers.TestMethodWorker.invokeTestMethods(TestMethodWorker.java:154)
	at org.testng.internal.invokers.TestMethodWorker.run(TestMethodWorker.java:134)
	at java.base/java.util.ArrayList.forEach(ArrayList.java:1596)
	at org.testng.TestRunner.privateRun(TestRunner.java:741)
	at org.testng.TestRunner.run(TestRunner.java:616)
	at org.testng.SuiteRunner.runTest(SuiteRunner.java:421)
	at org.testng.SuiteRunner.runSequentially(SuiteRunner.java:413)
	at org.testng.SuiteRunner.privateRun(SuiteRunner.java:373)
	at org.testng.SuiteRunner.run(SuiteRunner.java:312)
	at org.testng.SuiteRunnerWorker.runSuite(SuiteRunnerWorker.java:52)
	at org.testng.SuiteRunnerWorker.run(SuiteRunnerWorker.java:95)
	at org.testng.TestNG.runSuitesSequentially(TestNG.java:1274)
	at org.testng.TestNG.runSuitesSequentially(TestNG.java:1269)
	at org.testng.TestNG.runSuitesLocally(TestNG.java:1208)
	at org.testng.TestNG.runSuites(TestNG.java:1112)
	at org.testng.TestNG.run(TestNG.java:1079)
	at org.apache.maven.surefire.testng.TestNGExecutor.run(TestNGExecutor.java:324)
	at org.apache.maven.surefire.testng.TestNGXmlTestSuite.execute(TestNGXmlTestSuite.java:74)
	at org.apache.maven.surefire.testng.TestNGProvider.invoke(TestNGProvider.java:123)
	at org.apache.maven.surefire.booter.ForkedBooter.runSuitesInProcess(ForkedBooter.java:456)
	at org.apache.maven.surefire.booter.ForkedBooter.execute(ForkedBooter.java:169)
	at org.apache.maven.surefire.booter.ForkedBooter.run(ForkedBooter.java:595)
	at org.apache.maven.surefire.booter.ForkedBooter.main(ForkedBooter.java:581)
</pre></div></td>
<td>0</td>
<td>testCases.TC0003_LoginWithExcelDataTest@17a1e4ca</td></tr>
<tr>
<td title='testCases.TC0003_LoginWithExcelDataTest.LoginTestData()'><b>LoginTestData</b><br>Test class: testCases.TC0003_LoginWithExcelDataTest<br>Parameters: ashitosh1@gmail.com, 12345, Valid</td>
<td><div><pre>java.lang.NullPointerException: Cannot invoke &quot;org.openqa.selenium.SearchContext.findElement(org.openqa.selenium.By)&quot; because &quot;this.searchContext&quot; is null
	at org.openqa.selenium.support.pagefactory.DefaultElementLocator.findElement(DefaultElementLocator.java:68)
	at org.openqa.selenium.support.pagefactory.internal.LocatingElementHandler.invoke(LocatingElementHandler.java:38)
	at jdk.proxy2/jdk.proxy2.$Proxy30.click(Unknown Source)
	at pageObject.Homepage.myAccount(Homepage.java:41)
	at testCases.TC0003_LoginWithExcelDataTest.LoginTestData(TC0003_LoginWithExcelDataTest.java:18)
	at java.base/java.util.ArrayList.forEach(ArrayList.java:1596)
... Removed 30 stack frames</pre></div><a href='#' onClick='toggleBox("stack-trace1954507866", this, "Click to show all stack frames", "Click to hide stack frames")'>Click to show all stack frames</a>
<div class='stack-trace' id='stack-trace1954507866'><pre>java.lang.NullPointerException: Cannot invoke &quot;org.openqa.selenium.SearchContext.findElement(org.openqa.selenium.By)&quot; because &quot;this.searchContext&quot; is null
	at org.openqa.selenium.support.pagefactory.DefaultElementLocator.findElement(DefaultElementLocator.java:68)
	at org.openqa.selenium.support.pagefactory.internal.LocatingElementHandler.invoke(LocatingElementHandler.java:38)
	at jdk.proxy2/jdk.proxy2.$Proxy30.click(Unknown Source)
	at pageObject.Homepage.myAccount(Homepage.java:41)
	at testCases.TC0003_LoginWithExcelDataTest.LoginTestData(TC0003_LoginWithExcelDataTest.java:18)
	at java.base/jdk.internal.reflect.DirectMethodHandleAccessor.invoke(DirectMethodHandleAccessor.java:103)
	at java.base/java.lang.reflect.Method.invoke(Method.java:580)
	at org.testng.internal.invokers.MethodInvocationHelper.invokeMethod(MethodInvocationHelper.java:141)
	at org.testng.internal.invokers.TestInvoker.invokeMethod(TestInvoker.java:687)
	at org.testng.internal.invokers.TestInvoker.invokeTestMethod(TestInvoker.java:230)
	at org.testng.internal.invokers.MethodRunner.runInSequence(MethodRunner.java:63)
	at org.testng.internal.invokers.TestInvoker$MethodInvocationAgent.invoke(TestInvoker.java:995)
	at org.testng.internal.invokers.TestInvoker.invokeTestMethods(TestInvoker.java:203)
	at org.testng.internal.invokers.TestMethodWorker.invokeTestMethods(TestMethodWorker.java:154)
	at org.testng.internal.invokers.TestMethodWorker.run(TestMethodWorker.java:134)
	at java.base/java.util.ArrayList.forEach(ArrayList.java:1596)
	at org.testng.TestRunner.privateRun(TestRunner.java:741)
	at org.testng.TestRunner.run(TestRunner.java:616)
	at org.testng.SuiteRunner.runTest(SuiteRunner.java:421)
	at org.testng.SuiteRunner.runSequentially(SuiteRunner.java:413)
	at org.testng.SuiteRunner.privateRun(SuiteRunner.java:373)
	at org.testng.SuiteRunner.run(SuiteRunner.java:312)
	at org.testng.SuiteRunnerWorker.runSuite(SuiteRunnerWorker.java:52)
	at org.testng.SuiteRunnerWorker.run(SuiteRunnerWorker.java:95)
	at org.testng.TestNG.runSuitesSequentially(TestNG.java:1274)
	at org.testng.TestNG.runSuitesSequentially(TestNG.java:1269)
	at org.testng.TestNG.runSuitesLocally(TestNG.java:1208)
	at org.testng.TestNG.runSuites(TestNG.java:1112)
	at org.testng.TestNG.run(TestNG.java:1079)
	at org.apache.maven.surefire.testng.TestNGExecutor.run(TestNGExecutor.java:324)
	at org.apache.maven.surefire.testng.TestNGXmlTestSuite.execute(TestNGXmlTestSuite.java:74)
	at org.apache.maven.surefire.testng.TestNGProvider.invoke(TestNGProvider.java:123)
	at org.apache.maven.surefire.booter.ForkedBooter.runSuitesInProcess(ForkedBooter.java:456)
	at org.apache.maven.surefire.booter.ForkedBooter.execute(ForkedBooter.java:169)
	at org.apache.maven.surefire.booter.ForkedBooter.run(ForkedBooter.java:595)
	at org.apache.maven.surefire.booter.ForkedBooter.main(ForkedBooter.java:581)
</pre></div></td>
<td>0</td>
<td>testCases.TC0003_LoginWithExcelDataTest@17a1e4ca</td></tr>
</table><p>
<table width='100%' border='1' class='invocation-passed'>
<tr><td colspan='4' align='center'><b>PASSED TESTS</b></td></tr>
<tr><td><b>Test method</b></td>
<td><b>Attribute(s)</b></td>
<td width="30%"><b>Exception</b></td>
<td width="10%"><b>Time (seconds)</b></td>
<td><b>Instance</b></td>
</tr>
<tr>
<td title='testCases.TC0003_LoginWithExcelDataTest.LoginTestData()'><b>LoginTestData</b><br>Test class: testCases.TC0003_LoginWithExcelDataTest<br>Parameters: ashitosh@gmail.com, 12345, Valid</td>
<td></td>
<td>2</td>
<td>testCases.TC0003_LoginWithExcelDataTest@17a1e4ca</td></tr>
<tr>
<td title='testCases.TC0007_PasswordValidation.checkPasswordValidation()'><b>checkPasswordValidation</b><br>Test class: testCases.TC0007_PasswordValidation</td>
<td></td>
<td>1</td>
<td>testCases.TC0007_PasswordValidation@52066604</td></tr>
<tr>
<td title='testCases.TC0006_RequiredFieldValidation.accountRegistraion()'><b>accountRegistraion</b><br>Test class: testCases.TC0006_RequiredFieldValidation</td>
<td></td>
<td>1</td>
<td>testCases.TC0006_RequiredFieldValidation@4a194c39</td></tr>
<tr>
<td title='testCases.TC0016_SubscribeToNewsletter.subscribeToNewsletter()'><b>subscribeToNewsletter</b><br>Test class: testCases.TC0016_SubscribeToNewsletter</td>
<td></td>
<td>2</td>
<td>testCases.TC0016_SubscribeToNewsletter@362045c0</td></tr>
<tr>
<td title='testCases.TC0013_CheckCartCount.AddTocartFromHomePage()'><b>AddTocartFromHomePage</b><br>Test class: testCases.TC0013_CheckCartCount</td>
<td></td>
<td>1</td>
<td>testCases.TC0013_CheckCartCount@c4ed84</td></tr>
<tr>
<td title='testCases.TC0001_AccountRegistrationTest.accountRegistraion()'><b>accountRegistraion</b><br>Test class: testCases.TC0001_AccountRegistrationTest</td>
<td></td>
<td>2</td>
<td>testCases.TC0001_AccountRegistrationTest@28e8dde3</td></tr>
<tr>
<td title='testCases.RegisterFunctionality.TC004_MandatoryFieldsNotifications.accountRegistraion()'><b>accountRegistraion</b><br>Test class: testCases.RegisterFunctionality.TC004_MandatoryFieldsNotifications</td>
<td></td>
<td>1</td>
<td>testCases.RegisterFunctionality.TC004_MandatoryFieldsNotifications@112f364d</td></tr>
<tr>
<td title='testCases.TC0009_ForgotPassword.emailValidation()'><b>emailValidation</b><br>Test class: testCases.TC0009_ForgotPassword</td>
<td></td>
<td>6</td>
<td>testCases.TC0009_ForgotPassword@56113384</td></tr>
<tr>
<td title='testCases.TC0005_AddMultipleProductsToCartTest.addMultipleToCartFromLaptopsAndNoteBook()'><b>addMultipleToCartFromLaptopsAndNoteBook</b><br>Test class: testCases.TC0005_AddMultipleProductsToCartTest</td>
<td></td>
<td>10</td>
<td>testCases.TC0005_AddMultipleProductsToCartTest@c5dc4a2</td></tr>
<tr>
<td title='testCases.TC0012_AddProducttoWishlist.addProducttoWishList()'><b>addProducttoWishList</b><br>Test class: testCases.TC0012_AddProducttoWishlist</td>
<td></td>
<td>2</td>
<td>testCases.TC0012_AddProducttoWishlist@5f9678e1</td></tr>
<tr>
<td title='testCases.TC0008_EmailValidations.emailValidation()'><b>emailValidation</b><br>Test class: testCases.TC0008_EmailValidations</td>
<td></td>
<td>1</td>
<td>testCases.TC0008_EmailValidations@340b9973</td></tr>
<tr>
<td title='testCases.TC0015_CheckProductCompare.isProductAvailableBySearch()'><b>isProductAvailableBySearch</b><br>Test class: testCases.TC0015_CheckProductCompare</td>
<td></td>
<td>4</td>
<td>testCases.TC0015_CheckProductCompare@5a9d6f02</td></tr>
<tr>
<td title='testCases.TC0002_AccountLogin.accountLogin()'><b>accountLogin</b><br>Test class: testCases.TC0002_AccountLogin</td>
<td></td>
<td>2</td>
<td>testCases.TC0002_AccountLogin@301ec38b</td></tr>
<tr>
<td title='testCases.TC0004_AddToCartTest.AddTocartFromHomePage()'><b>AddTocartFromHomePage</b><br>Test class: testCases.TC0004_AddToCartTest</td>
<td></td>
<td>1</td>
<td>testCases.TC0004_AddToCartTest@10ded6a9</td></tr>
<tr>
<td title='testCases.TC0011_MobileViewTestcase.testMobileLayout()'><b>testMobileLayout</b><br>Test class: testCases.TC0011_MobileViewTestcase</td>
<td></td>
<td>1</td>
<td>testCases.TC0011_MobileViewTestcase@373ebf74</td></tr>
<tr>
<td title='testCases.TC0014_LoginWithWrongCredentials.accountLogin()'><b>accountLogin</b><br>Test class: testCases.TC0014_LoginWithWrongCredentials</td>
<td></td>
<td>1</td>
<td>testCases.TC0014_LoginWithWrongCredentials@189aa67a</td></tr>
<tr>
<td title='testCases.RegisterFunctionality.TC005_YesOptionForNewsLetterField.accountRegistraion()'><b>accountRegistraion</b><br>Test class: testCases.RegisterFunctionality.TC005_YesOptionForNewsLetterField</td>
<td></td>
<td>3</td>
<td>testCases.RegisterFunctionality.TC005_YesOptionForNewsLetterField@5ccbeb64</td></tr>
<tr>
<td title='testCases.TC0010_SearchFunctionality.isProductAvailableBySearch()'><b>isProductAvailableBySearch</b><br>Test class: testCases.TC0010_SearchFunctionality</td>
<td></td>
<td>0</td>
<td>testCases.TC0010_SearchFunctionality@5669c5fb</td></tr>
</table><p>
</body>
</html>