<?xml version="1.0" encoding="UTF-8"?>
<!-- Generated by org.testng.reporters.JUnitXMLReporter -->
<testsuite ignored="0" hostname="ASHKOL" failures="2" tests="20" name="Test" time="102.545" errors="0" timestamp="2025-08-23T17:06:17 IST">
  <testcase classname="testCases.TC0001_AccountRegistrationTest" name="accountRegistraion" time="2.908"/>
  <testcase classname="testCases.TC0002_AccountLogin" name="accountLogin" time="2.095"/>
  <testcase classname="testCases.TC0003_LoginWithExcelDataTest" name="LoginTestData" time="2.856"/>
  <testcase classname="testCases.TC0003_LoginWithExcelDataTest" name="LoginTestData" time="0.004">
    <failure type="java.lang.NullPointerException" message="Cannot invoke &amp;quot;org.openqa.selenium.SearchContext.findElement(org.openqa.selenium.By)&amp;quot; because &amp;quot;this.searchContext&amp;quot; is null">
      <![CDATA[java.lang.NullPointerException: Cannot invoke "org.openqa.selenium.SearchContext.findElement(org.openqa.selenium.By)" because "this.searchContext" is null
at org.openqa.selenium.support.pagefactory.DefaultElementLocator.findElement(DefaultElementLocator.java:68)
at org.openqa.selenium.support.pagefactory.internal.LocatingElementHandler.invoke(LocatingElementHandler.java:38)
at jdk.proxy2/jdk.proxy2.$Proxy30.click(Unknown Source)
at pageObject.Homepage.myAccount(Homepage.java:41)
at testCases.TC0003_LoginWithExcelDataTest.LoginTestData(TC0003_LoginWithExcelDataTest.java:18)
at java.base/java.util.ArrayList.forEach(ArrayList.java:1596)
... Removed 30 stack frames]]>
    </failure>
  </testcase> <!-- LoginTestData -->
  <testcase classname="testCases.TC0003_LoginWithExcelDataTest" name="LoginTestData" time="0.007">
    <failure type="java.lang.NullPointerException" message="Cannot invoke &amp;quot;org.openqa.selenium.SearchContext.findElement(org.openqa.selenium.By)&amp;quot; because &amp;quot;this.searchContext&amp;quot; is null">
      <![CDATA[java.lang.NullPointerException: Cannot invoke "org.openqa.selenium.SearchContext.findElement(org.openqa.selenium.By)" because "this.searchContext" is null
at org.openqa.selenium.support.pagefactory.DefaultElementLocator.findElement(DefaultElementLocator.java:68)
at org.openqa.selenium.support.pagefactory.internal.LocatingElementHandler.invoke(LocatingElementHandler.java:38)
at jdk.proxy2/jdk.proxy2.$Proxy30.click(Unknown Source)
at pageObject.Homepage.myAccount(Homepage.java:41)
at testCases.TC0003_LoginWithExcelDataTest.LoginTestData(TC0003_LoginWithExcelDataTest.java:18)
at java.base/java.util.ArrayList.forEach(ArrayList.java:1596)
... Removed 30 stack frames]]>
    </failure>
  </testcase> <!-- LoginTestData -->
  <testcase classname="testCases.TC0004_AddToCartTest" name="AddTocartFromHomePage" time="1.192"/>
  <testcase classname="testCases.TC0005_AddMultipleProductsToCartTest" name="addMultipleToCartFromLaptopsAndNoteBook" time="10.007"/>
  <testcase classname="testCases.TC0006_RequiredFieldValidation" name="accountRegistraion" time="1.445"/>
  <testcase classname="testCases.TC0007_PasswordValidation" name="checkPasswordValidation" time="1.526"/>
  <testcase classname="testCases.TC0008_EmailValidations" name="emailValidation" time="1.64"/>
  <testcase classname="testCases.TC0009_ForgotPassword" name="emailValidation" time="6.044"/>
  <testcase classname="testCases.TC0010_SearchFunctionality" name="isProductAvailableBySearch" time="0.642"/>
  <testcase classname="testCases.TC0011_MobileViewTestcase" name="testMobileLayout" time="1.166"/>
  <testcase classname="testCases.TC0012_AddProducttoWishlist" name="addProducttoWishList" time="2.925"/>
  <testcase classname="testCases.TC0013_CheckCartCount" name="AddTocartFromHomePage" time="1.205"/>
  <testcase classname="testCases.TC0014_LoginWithWrongCredentials" name="accountLogin" time="1.636"/>
  <testcase classname="testCases.TC0015_CheckProductCompare" name="isProductAvailableBySearch" time="4.987"/>
  <testcase classname="testCases.TC0016_SubscribeToNewsletter" name="subscribeToNewsletter" time="2.794"/>
  <testcase classname="testCases.RegisterFunctionality.TC004_MandatoryFieldsNotifications" name="accountRegistraion" time="1.491"/>
  <testcase classname="testCases.RegisterFunctionality.TC005_YesOptionForNewsLetterField" name="accountRegistraion" time="3.292"/>
</testsuite> <!-- Test -->
